 1973  history
 1974  cd ..
 1975  code .
 1976  mkdir -p Final_LINUX_Course_Project/{DOWNLOADS,CODE,DATA,BACKUPS,Work/{Q1,Q2,Q3,Q4}}
 1977  cd Final_LINUX_Course_Project/
 1978  code .
 1979  git init 
 1980  wget -P DOWNLOADS https://github.com/Telhai-Git/LINUX_COURSE_WORK/archive/refs/tags/downloads.tar.gz
 1981  tar -xzf DOWNLOADS/downloads.tar.gz 
 1982  rm LINUX_COURSE_WORK-downloads/
 1983  rm -rf LINUX_COURSE_WORK-downloads/
 1984  tar -xzf DOWNLOADS/downloads.tar.gz -C DOWNLOADS
 1985  clear
 1986  git add .
 1987  git commit -m "Added to DOWNALOADS"
 1988  rm DOWNLOADS/downloads.tar.gz
 1989  git checkout
 1990  git checkout -b BR_Q1
 1991  mv DOWNLOADS/*.py CODE/
 1992  mv DOWNLOADS/LINUX_COURSE_WORK-downloads/*.py CODE/
 1993  mv DOWNLOADS/LINUX_COURSE_WORK-downloads/*.{txt,jpg,csv} DATA/
 1994  echo "Time : $(date)" > Work/Q1/q1_output.txt
 1995  echo "USER DETAILS: $(grep $USER /etc/passwd)" >> Work/Q1/q1_output.txt
 1996  echo "REPO: $(pwd)" >> Work/Q1/q1_output.txt
 2000  echo "GithubUrl: <https://github.com/Saher236>" >> Work/Q1/q1_output.txt
 2001  echo "VERSIONID: $(grep VERSION_ID /etc/os-release | cut -d '=' -f 2)" >> Work/Q1/q1_output.txt
 2002  echo "======================================" >> Work/Q1/q1_output.txt
 2003  tree Final_LINUX_Course_Project >> Work/Q1/q1_output.txt
 2004  sudo apt install tree
 2005  tree Final_LINUX_Course_Project >> Work/Q1/q1_output.txt
 2006  tree
 2007  tree >> Work/Q1/q1_output.txt
 2008  echo "======================================" >> Work/Q1/q1_output.txt
 2009  find ~ -name "*.sh" >> Work/Q1/q1_output.txt
 2010  clear
 2011  git checkout main
 2012  git merge BR_Q1
 2013  git commit -m "Merge BR_Q1 into main"
 2014  git checkout BR_Q1
 2015  git branch
 2016  git add .
 2017  git commit -m "Merge BR_Q1 into main"
 2018  git checkout main
 2019  git merge BR_Q1
 2020  git commit -m "Merge Done"
 2021  git log --oneline > Work/Q1/git_commits.log
 2022  history > history_Linux.txt
 2023  mv history_Linux.txt Work/Q1
 2024  clear
 2025  git push origin main
 2026  git branch
 2027  git remote -v
 2028  git branch -m main
 2029  git add .
 2030  git status
 2031  git commit -m "Added project History"
 2032  git push origin main
 2033  git push -u origin main
 2034  clear
 2035  git checkout -b BR_Q2
 2036  cp CODE/plant.py Work/Q2
 2037  pip install matplotlib numpy
 2038  sudo install matploitlib numpy
 2039  sudo install matplotlib numpy
 2040  sudo apt update
 2041  sudo apt install python3-matplotlib python3-numpy
 2042  sudo apt upgrade -y
 2043  clear
 2044  chmod +x Work/Q2/plant.py 
 2045  ./Work/Q2/plant.py 
 2046  sudo apt install pipx
 2047  pipx install matplotlib
 2048  pipx install numpy
 2049  clear
 2050  python3 Work/Q2/plant.py
 2051  find ~ -name "plant.py"
 2052  chmod +x plant.py
 2053  chmod +x Work/Q2/plant.py
 2054  ./Work/Q2/plant.py 
 2055  python3 Work/Q2/plant.py 
 2056  sudo apt install python3-matplotlib
 2057  python3 Work/Q2/plant.py 
 2058  sudo python3 Work/Q2/plant.py
 2059  python3 Work/Q2/plant.py 
 2060  jobs
 2061  killall python3
 2062  jobs
 2063  kill %1 %2 %3 %4 %5 %6 %7
 2064  kill -9 %1 %2 %3 %4 %5 %6 %7
 2065  jobs
 2066  clear
 2067  ./Work/Q2/plant.py 
 2068  pip3 install --upgrade matplotlib numpy
 2069  sudo apt update
 2070  sudo apt install python3-matplotlib python3-numpy
 2071  pip3 install --upgrade matplotlib numpy --break-system-packages
 2072  sudo apt install --only-upgrade python3-matplotlib python3-numpy
 2073  python3 -c 'import matplotlib; import numpy; print("All good!")'
 2074  python3 Work/Q2/plant.py
 2075  clear
 2076  python3 Work/Q2/plant.py
 2077  mkdir -p Work/Q2/Diagrams_1
 2078  mv *.png Work/Q2/Diagrams_1/
 2079  tar -czvf BACKUPS/Diagrams_1_$(date +%Y-%m-%d).tar.gz -C Work/Q2 Diagrams_1
 2080  git branch
 2081  git add .
 2082  git commit -m "ADD plot.py BACKUPS"
 2083  git checkout main
 2084  git merge BR_Q2
 2085  git push origin main
 2086  git push origin BR_Q2
 2087  clear
 2088  pip install -r requirements.txt
 2089  python3 Work/Q2/plant.py
 2090  clear
 2091  python3 Work/Q2/plant_plots.py 
 2092  python3 Work/Q2/plant.py
 2093  python3 Work/Q2/plant_plots.py --plant "Rose" --height 50 55 60 65 70 --leaf_count 35 40 45 50 55 --dry_weight 2.0 2.2 2.5 2.7 3.0
 2094  pip install -r Work/Q2/requirements.txt
 2095  clear
 2096  python3 -m venv venv
 2097  source venv/bin/activate
 2098  pip install -r Work/Q2/requirements.txt
 2099  pip list
 2100  python3 Work/Q2/plant_plots.py --plant "Rose" --height 50 55 60 65 70 --leaf_count 35 40 45 50 55 --dry_weight 2.0 2.2 2.5 2.7 3.0
 2101  clear
 2102  python3 Work/Q2/plant_plots.py --plant "Rose" --height 50 55 60 65 70 --leaf_count 35 40 45 50 55 --dry_weight 2.0 2.2 2.5 2.7 3.0
 2103  mv *.png Work/Q2/Diagrams_2/
 2104  mkdir -p  Work/Q2/Diagrams_2/
 2105  mv *.png Work/Q2/Diagrams_2/
 2106  tar -czvf BACKUPS/Diagrams_2_$(date +%Y-%m-%d).tar.gz -C Work/Q2 Diagrams_2
 2107  deactivate
 2108  history 50
 2109  clear
 2110  history > Work/Q2/linux_history_q2.log
